<?xml version="1.0" encoding="UTF-8"?>
<!-- Generated by org.testng.reporters.JUnitReportReporter -->
<testsuite hostname="TYSS-Prajwal" failures="0" tests="1" name="generictest.test" time="17.117" errors="0" timestamp="2022-07-21T11:58:32 IST" skipped="0">
  <testcase classname="generictest.test" name="test1" time="17.117"/>
  <system-out>
    <![CDATA[Homepage not displayed]]>
  </system-out>
</testsuite> <!-- generictest.test -->
