<?xml version="1.0" encoding="UTF-8"?>
<!-- Generated by org.testng.reporters.JUnitReportReporter -->
<testsuite hostname="TYSS-Prajwal" failures="0" tests="1" name="pom.test" time="37.322" errors="0" timestamp="2022-09-15T16:57:49 IST" skipped="0">
  <testcase classname="pom.test" name="validLogin" time="37.322"/>
  <system-out/>
</testsuite> <!-- pom.test -->
